DEBUG 24-05-03 00:00:15[HikariPool-1 housekeeper] [HikariPool:414] - HikariPool-1 - Pool stats (total=10, active=0, idle=10, waiting=0)
DEBUG 24-05-03 00:00:15[HikariPool-1 housekeeper] [HikariPool:521] - HikariPool-1 - Fill pool skipped, pool has sufficient level or currently being filled (queueDepth=0).
DEBUG 24-05-03 00:00:45[HikariPool-1 housekeeper] [HikariPool:414] - HikariPool-1 - Pool stats (total=10, active=0, idle=10, waiting=0)
DEBUG 24-05-03 00:00:45[HikariPool-1 housekeeper] [HikariPool:521] - HikariPool-1 - Fill pool skipped, pool has sufficient level or currently being filled (queueDepth=0).
DEBUG 24-05-03 00:01:15[HikariPool-1 housekeeper] [HikariPool:414] - HikariPool-1 - Pool stats (total=10, active=0, idle=10, waiting=0)
DEBUG 24-05-03 00:01:15[HikariPool-1 housekeeper] [HikariPool:521] - HikariPool-1 - Fill pool skipped, pool has sufficient level or currently being filled (queueDepth=0).
DEBUG 24-05-03 00:01:45[HikariPool-1 housekeeper] [HikariPool:414] - HikariPool-1 - Pool stats (total=10, active=0, idle=10, waiting=0)
DEBUG 24-05-03 00:01:45[HikariPool-1 housekeeper] [HikariPool:521] - HikariPool-1 - Fill pool skipped, pool has sufficient level or currently being filled (queueDepth=0).
WARN  24-05-03 00:02:15[HikariPool-1 housekeeper] [HikariPool:796] - HikariPool-1 - Retrograde clock change detected (housekeeper delta=29s714ms), soft-evicting connections from pool.
DEBUG 24-05-03 00:02:15[HikariPool-1 connection closer] [PoolBase:132] - HikariPool-1 - Closing connection net.sf.log4jdbc.sql.jdbcapi.ConnectionSpy@33aacde9: (connection evicted)
DEBUG 24-05-03 00:02:15[HikariPool-1 connection closer] [PoolBase:132] - HikariPool-1 - Closing connection net.sf.log4jdbc.sql.jdbcapi.ConnectionSpy@d561790: (connection evicted)
DEBUG 24-05-03 00:02:15[HikariPool-1 connection closer] [PoolBase:132] - HikariPool-1 - Closing connection net.sf.log4jdbc.sql.jdbcapi.ConnectionSpy@6d79e8df: (connection evicted)
DEBUG 24-05-03 00:02:15[HikariPool-1 connection closer] [PoolBase:132] - HikariPool-1 - Closing connection net.sf.log4jdbc.sql.jdbcapi.ConnectionSpy@6fdefdec: (connection evicted)
DEBUG 24-05-03 00:02:15[HikariPool-1 connection closer] [PoolBase:132] - HikariPool-1 - Closing connection net.sf.log4jdbc.sql.jdbcapi.ConnectionSpy@69377117: (connection evicted)
DEBUG 24-05-03 00:02:15[HikariPool-1 connection closer] [PoolBase:132] - HikariPool-1 - Closing connection net.sf.log4jdbc.sql.jdbcapi.ConnectionSpy@b927ea7: (connection evicted)
DEBUG 24-05-03 00:02:15[HikariPool-1 connection closer] [PoolBase:132] - HikariPool-1 - Closing connection net.sf.log4jdbc.sql.jdbcapi.ConnectionSpy@4071234a: (connection evicted)
DEBUG 24-05-03 00:02:15[HikariPool-1 connection closer] [PoolBase:132] - HikariPool-1 - Closing connection net.sf.log4jdbc.sql.jdbcapi.ConnectionSpy@4d91e0f0: (connection evicted)
DEBUG 24-05-03 00:02:15[HikariPool-1 connection closer] [PoolBase:132] - HikariPool-1 - Closing connection net.sf.log4jdbc.sql.jdbcapi.ConnectionSpy@14ce910c: (connection evicted)
DEBUG 24-05-03 00:02:15[HikariPool-1 connection closer] [PoolBase:132] - HikariPool-1 - Closing connection net.sf.log4jdbc.sql.jdbcapi.ConnectionSpy@2ed05362: (connection evicted)
DEBUG 24-05-03 00:02:15[HikariPool-1 connection adder] [HikariPool:738] - HikariPool-1 - Added connection net.sf.log4jdbc.sql.jdbcapi.ConnectionSpy@417993dd
DEBUG 24-05-03 00:02:15[HikariPool-1 connection adder] [HikariPool:738] - HikariPool-1 - Added connection net.sf.log4jdbc.sql.jdbcapi.ConnectionSpy@70f25436
DEBUG 24-05-03 00:02:15[HikariPool-1 connection adder] [HikariPool:738] - HikariPool-1 - Added connection net.sf.log4jdbc.sql.jdbcapi.ConnectionSpy@7c621a2e
DEBUG 24-05-03 00:02:15[HikariPool-1 connection adder] [HikariPool:738] - HikariPool-1 - Added connection net.sf.log4jdbc.sql.jdbcapi.ConnectionSpy@25183175
DEBUG 24-05-03 00:02:15[HikariPool-1 connection adder] [HikariPool:738] - HikariPool-1 - Added connection net.sf.log4jdbc.sql.jdbcapi.ConnectionSpy@4a66c4ed
DEBUG 24-05-03 00:02:15[HikariPool-1 connection adder] [HikariPool:738] - HikariPool-1 - Added connection net.sf.log4jdbc.sql.jdbcapi.ConnectionSpy@3b93a2bf
DEBUG 24-05-03 00:02:15[HikariPool-1 connection adder] [HikariPool:738] - HikariPool-1 - Added connection net.sf.log4jdbc.sql.jdbcapi.ConnectionSpy@3fa1d24a
DEBUG 24-05-03 00:02:15[HikariPool-1 connection adder] [HikariPool:738] - HikariPool-1 - Added connection net.sf.log4jdbc.sql.jdbcapi.ConnectionSpy@54e74a38
DEBUG 24-05-03 00:02:15[HikariPool-1 connection adder] [HikariPool:738] - HikariPool-1 - Added connection net.sf.log4jdbc.sql.jdbcapi.ConnectionSpy@155d9155
DEBUG 24-05-03 00:02:16[HikariPool-1 connection adder] [HikariPool:738] - HikariPool-1 - Added connection net.sf.log4jdbc.sql.jdbcapi.ConnectionSpy@3548171b
DEBUG 24-05-03 00:02:45[HikariPool-1 housekeeper] [HikariPool:414] - HikariPool-1 - Pool stats (total=10, active=0, idle=10, waiting=0)
DEBUG 24-05-03 00:02:45[HikariPool-1 housekeeper] [HikariPool:521] - HikariPool-1 - Fill pool skipped, pool has sufficient level or currently being filled (queueDepth=0).
DEBUG 24-05-03 00:03:15[HikariPool-1 housekeeper] [HikariPool:414] - HikariPool-1 - Pool stats (total=10, active=0, idle=10, waiting=0)
DEBUG 24-05-03 00:03:15[HikariPool-1 housekeeper] [HikariPool:521] - HikariPool-1 - Fill pool skipped, pool has sufficient level or currently being filled (queueDepth=0).
DEBUG 24-05-03 00:03:45[HikariPool-1 housekeeper] [HikariPool:414] - HikariPool-1 - Pool stats (total=10, active=0, idle=10, waiting=0)
DEBUG 24-05-03 00:03:45[HikariPool-1 housekeeper] [HikariPool:521] - HikariPool-1 - Fill pool skipped, pool has sufficient level or currently being filled (queueDepth=0).
DEBUG 24-05-03 00:04:15[HikariPool-1 housekeeper] [HikariPool:414] - HikariPool-1 - Pool stats (total=10, active=0, idle=10, waiting=0)
DEBUG 24-05-03 00:04:15[HikariPool-1 housekeeper] [HikariPool:521] - HikariPool-1 - Fill pool skipped, pool has sufficient level or currently being filled (queueDepth=0).
DEBUG 24-05-03 00:04:45[HikariPool-1 housekeeper] [HikariPool:414] - HikariPool-1 - Pool stats (total=10, active=0, idle=10, waiting=0)
DEBUG 24-05-03 00:04:45[HikariPool-1 housekeeper] [HikariPool:521] - HikariPool-1 - Fill pool skipped, pool has sufficient level or currently being filled (queueDepth=0).
DEBUG 24-05-03 00:05:15[HikariPool-1 housekeeper] [HikariPool:414] - HikariPool-1 - Pool stats (total=10, active=0, idle=10, waiting=0)
DEBUG 24-05-03 00:05:15[HikariPool-1 housekeeper] [HikariPool:521] - HikariPool-1 - Fill pool skipped, pool has sufficient level or currently being filled (queueDepth=0).
DEBUG 24-05-03 00:05:45[HikariPool-1 housekeeper] [HikariPool:414] - HikariPool-1 - Pool stats (total=10, active=0, idle=10, waiting=0)
DEBUG 24-05-03 00:05:45[HikariPool-1 housekeeper] [HikariPool:521] - HikariPool-1 - Fill pool skipped, pool has sufficient level or currently being filled (queueDepth=0).
DEBUG 24-05-03 00:06:15[HikariPool-1 housekeeper] [HikariPool:414] - HikariPool-1 - Pool stats (total=10, active=0, idle=10, waiting=0)
DEBUG 24-05-03 00:06:15[HikariPool-1 housekeeper] [HikariPool:521] - HikariPool-1 - Fill pool skipped, pool has sufficient level or currently being filled (queueDepth=0).
DEBUG 24-05-03 00:06:45[HikariPool-1 housekeeper] [HikariPool:414] - HikariPool-1 - Pool stats (total=10, active=0, idle=10, waiting=0)
DEBUG 24-05-03 00:06:45[HikariPool-1 housekeeper] [HikariPool:521] - HikariPool-1 - Fill pool skipped, pool has sufficient level or currently being filled (queueDepth=0).
DEBUG 24-05-03 00:07:15[HikariPool-1 housekeeper] [HikariPool:414] - HikariPool-1 - Pool stats (total=10, active=0, idle=10, waiting=0)
DEBUG 24-05-03 00:07:15[HikariPool-1 housekeeper] [HikariPool:521] - HikariPool-1 - Fill pool skipped, pool has sufficient level or currently being filled (queueDepth=0).
DEBUG 24-05-03 00:07:45[HikariPool-1 housekeeper] [HikariPool:414] - HikariPool-1 - Pool stats (total=10, active=0, idle=10, waiting=0)
DEBUG 24-05-03 00:07:45[HikariPool-1 housekeeper] [HikariPool:521] - HikariPool-1 - Fill pool skipped, pool has sufficient level or currently being filled (queueDepth=0).
DEBUG 24-05-03 00:08:15[HikariPool-1 housekeeper] [HikariPool:414] - HikariPool-1 - Pool stats (total=10, active=0, idle=10, waiting=0)
DEBUG 24-05-03 00:08:15[HikariPool-1 housekeeper] [HikariPool:521] - HikariPool-1 - Fill pool skipped, pool has sufficient level or currently being filled (queueDepth=0).
DEBUG 24-05-03 00:08:45[HikariPool-1 housekeeper] [HikariPool:414] - HikariPool-1 - Pool stats (total=10, active=0, idle=10, waiting=0)
DEBUG 24-05-03 00:08:45[HikariPool-1 housekeeper] [HikariPool:521] - HikariPool-1 - Fill pool skipped, pool has sufficient level or currently being filled (queueDepth=0).
DEBUG 24-05-03 00:09:15[HikariPool-1 housekeeper] [HikariPool:414] - HikariPool-1 - Pool stats (total=10, active=0, idle=10, waiting=0)
DEBUG 24-05-03 00:09:15[HikariPool-1 housekeeper] [HikariPool:521] - HikariPool-1 - Fill pool skipped, pool has sufficient level or currently being filled (queueDepth=0).
DEBUG 24-05-03 00:09:45[HikariPool-1 housekeeper] [HikariPool:414] - HikariPool-1 - Pool stats (total=10, active=0, idle=10, waiting=0)
DEBUG 24-05-03 00:09:45[HikariPool-1 housekeeper] [HikariPool:521] - HikariPool-1 - Fill pool skipped, pool has sufficient level or currently being filled (queueDepth=0).
DEBUG 24-05-03 00:10:15[HikariPool-1 housekeeper] [HikariPool:414] - HikariPool-1 - Pool stats (total=10, active=0, idle=10, waiting=0)
DEBUG 24-05-03 00:10:15[HikariPool-1 housekeeper] [HikariPool:521] - HikariPool-1 - Fill pool skipped, pool has sufficient level or currently being filled (queueDepth=0).
DEBUG 24-05-03 00:10:45[HikariPool-1 housekeeper] [HikariPool:414] - HikariPool-1 - Pool stats (total=10, active=0, idle=10, waiting=0)
DEBUG 24-05-03 00:10:45[HikariPool-1 housekeeper] [HikariPool:521] - HikariPool-1 - Fill pool skipped, pool has sufficient level or currently being filled (queueDepth=0).
DEBUG 24-05-03 00:11:15[HikariPool-1 housekeeper] [HikariPool:414] - HikariPool-1 - Pool stats (total=10, active=0, idle=10, waiting=0)
DEBUG 24-05-03 00:11:15[HikariPool-1 housekeeper] [HikariPool:521] - HikariPool-1 - Fill pool skipped, pool has sufficient level or currently being filled (queueDepth=0).
DEBUG 24-05-03 00:11:45[HikariPool-1 housekeeper] [HikariPool:414] - HikariPool-1 - Pool stats (total=10, active=0, idle=10, waiting=0)
DEBUG 24-05-03 00:11:45[HikariPool-1 housekeeper] [HikariPool:521] - HikariPool-1 - Fill pool skipped, pool has sufficient level or currently being filled (queueDepth=0).
DEBUG 24-05-03 00:12:15[HikariPool-1 housekeeper] [HikariPool:414] - HikariPool-1 - Pool stats (total=10, active=0, idle=10, waiting=0)
DEBUG 24-05-03 00:12:15[HikariPool-1 housekeeper] [HikariPool:521] - HikariPool-1 - Fill pool skipped, pool has sufficient level or currently being filled (queueDepth=0).
DEBUG 24-05-03 00:12:45[HikariPool-1 housekeeper] [HikariPool:414] - HikariPool-1 - Pool stats (total=10, active=0, idle=10, waiting=0)
DEBUG 24-05-03 00:12:45[HikariPool-1 housekeeper] [HikariPool:521] - HikariPool-1 - Fill pool skipped, pool has sufficient level or currently being filled (queueDepth=0).
DEBUG 24-05-03 00:13:15[HikariPool-1 housekeeper] [HikariPool:414] - HikariPool-1 - Pool stats (total=10, active=0, idle=10, waiting=0)
DEBUG 24-05-03 00:13:15[HikariPool-1 housekeeper] [HikariPool:521] - HikariPool-1 - Fill pool skipped, pool has sufficient level or currently being filled (queueDepth=0).
DEBUG 24-05-03 00:13:45[HikariPool-1 housekeeper] [HikariPool:414] - HikariPool-1 - Pool stats (total=10, active=0, idle=10, waiting=0)
DEBUG 24-05-03 00:13:45[HikariPool-1 housekeeper] [HikariPool:521] - HikariPool-1 - Fill pool skipped, pool has sufficient level or currently being filled (queueDepth=0).
DEBUG 24-05-03 00:14:15[HikariPool-1 housekeeper] [HikariPool:414] - HikariPool-1 - Pool stats (total=10, active=0, idle=10, waiting=0)
DEBUG 24-05-03 00:14:15[HikariPool-1 housekeeper] [HikariPool:521] - HikariPool-1 - Fill pool skipped, pool has sufficient level or currently being filled (queueDepth=0).
DEBUG 24-05-03 00:14:45[HikariPool-1 housekeeper] [HikariPool:414] - HikariPool-1 - Pool stats (total=10, active=0, idle=10, waiting=0)
DEBUG 24-05-03 00:14:45[HikariPool-1 housekeeper] [HikariPool:521] - HikariPool-1 - Fill pool skipped, pool has sufficient level or currently being filled (queueDepth=0).
DEBUG 24-05-03 00:15:15[HikariPool-1 housekeeper] [HikariPool:414] - HikariPool-1 - Pool stats (total=10, active=0, idle=10, waiting=0)
DEBUG 24-05-03 00:15:15[HikariPool-1 housekeeper] [HikariPool:521] - HikariPool-1 - Fill pool skipped, pool has sufficient level or currently being filled (queueDepth=0).
DEBUG 24-05-03 00:15:45[HikariPool-1 housekeeper] [HikariPool:414] - HikariPool-1 - Pool stats (total=10, active=0, idle=10, waiting=0)
DEBUG 24-05-03 00:15:45[HikariPool-1 housekeeper] [HikariPool:521] - HikariPool-1 - Fill pool skipped, pool has sufficient level or currently being filled (queueDepth=0).
DEBUG 24-05-03 00:16:15[HikariPool-1 housekeeper] [HikariPool:414] - HikariPool-1 - Pool stats (total=10, active=0, idle=10, waiting=0)
DEBUG 24-05-03 00:16:15[HikariPool-1 housekeeper] [HikariPool:521] - HikariPool-1 - Fill pool skipped, pool has sufficient level or currently being filled (queueDepth=0).
DEBUG 24-05-03 00:16:45[HikariPool-1 housekeeper] [HikariPool:414] - HikariPool-1 - Pool stats (total=10, active=0, idle=10, waiting=0)
DEBUG 24-05-03 00:16:45[HikariPool-1 housekeeper] [HikariPool:521] - HikariPool-1 - Fill pool skipped, pool has sufficient level or currently being filled (queueDepth=0).
DEBUG 24-05-03 00:17:15[HikariPool-1 housekeeper] [HikariPool:414] - HikariPool-1 - Pool stats (total=10, active=0, idle=10, waiting=0)
DEBUG 24-05-03 00:17:15[HikariPool-1 housekeeper] [HikariPool:521] - HikariPool-1 - Fill pool skipped, pool has sufficient level or currently being filled (queueDepth=0).
DEBUG 24-05-03 00:17:45[HikariPool-1 housekeeper] [HikariPool:414] - HikariPool-1 - Pool stats (total=10, active=0, idle=10, waiting=0)
DEBUG 24-05-03 00:17:45[HikariPool-1 housekeeper] [HikariPool:521] - HikariPool-1 - Fill pool skipped, pool has sufficient level or currently being filled (queueDepth=0).
DEBUG 24-05-03 00:18:15[HikariPool-1 housekeeper] [HikariPool:414] - HikariPool-1 - Pool stats (total=10, active=0, idle=10, waiting=0)
DEBUG 24-05-03 00:18:15[HikariPool-1 housekeeper] [HikariPool:521] - HikariPool-1 - Fill pool skipped, pool has sufficient level or currently being filled (queueDepth=0).
DEBUG 24-05-03 00:18:45[HikariPool-1 housekeeper] [HikariPool:414] - HikariPool-1 - Pool stats (total=10, active=0, idle=10, waiting=0)
DEBUG 24-05-03 00:18:45[HikariPool-1 housekeeper] [HikariPool:521] - HikariPool-1 - Fill pool skipped, pool has sufficient level or currently being filled (queueDepth=0).
DEBUG 24-05-03 00:19:15[HikariPool-1 housekeeper] [HikariPool:414] - HikariPool-1 - Pool stats (total=10, active=0, idle=10, waiting=0)
DEBUG 24-05-03 00:19:15[HikariPool-1 housekeeper] [HikariPool:521] - HikariPool-1 - Fill pool skipped, pool has sufficient level or currently being filled (queueDepth=0).
DEBUG 24-05-03 00:19:45[HikariPool-1 housekeeper] [HikariPool:414] - HikariPool-1 - Pool stats (total=10, active=0, idle=10, waiting=0)
DEBUG 24-05-03 00:19:45[HikariPool-1 housekeeper] [HikariPool:521] - HikariPool-1 - Fill pool skipped, pool has sufficient level or currently being filled (queueDepth=0).
DEBUG 24-05-03 00:20:15[HikariPool-1 housekeeper] [HikariPool:414] - HikariPool-1 - Pool stats (total=10, active=0, idle=10, waiting=0)
DEBUG 24-05-03 00:20:15[HikariPool-1 housekeeper] [HikariPool:521] - HikariPool-1 - Fill pool skipped, pool has sufficient level or currently being filled (queueDepth=0).
DEBUG 24-05-03 00:20:45[HikariPool-1 housekeeper] [HikariPool:414] - HikariPool-1 - Pool stats (total=10, active=0, idle=10, waiting=0)
DEBUG 24-05-03 00:20:45[HikariPool-1 housekeeper] [HikariPool:521] - HikariPool-1 - Fill pool skipped, pool has sufficient level or currently being filled (queueDepth=0).
DEBUG 24-05-03 00:21:15[HikariPool-1 housekeeper] [HikariPool:414] - HikariPool-1 - Pool stats (total=10, active=0, idle=10, waiting=0)
DEBUG 24-05-03 00:21:15[HikariPool-1 housekeeper] [HikariPool:521] - HikariPool-1 - Fill pool skipped, pool has sufficient level or currently being filled (queueDepth=0).
DEBUG 24-05-03 00:21:45[HikariPool-1 housekeeper] [HikariPool:414] - HikariPool-1 - Pool stats (total=10, active=0, idle=10, waiting=0)
DEBUG 24-05-03 00:21:45[HikariPool-1 housekeeper] [HikariPool:521] - HikariPool-1 - Fill pool skipped, pool has sufficient level or currently being filled (queueDepth=0).
DEBUG 24-05-03 00:22:15[HikariPool-1 housekeeper] [HikariPool:414] - HikariPool-1 - Pool stats (total=10, active=0, idle=10, waiting=0)
DEBUG 24-05-03 00:22:15[HikariPool-1 housekeeper] [HikariPool:521] - HikariPool-1 - Fill pool skipped, pool has sufficient level or currently being filled (queueDepth=0).
DEBUG 24-05-03 00:22:45[HikariPool-1 housekeeper] [HikariPool:414] - HikariPool-1 - Pool stats (total=10, active=0, idle=10, waiting=0)
DEBUG 24-05-03 00:22:45[HikariPool-1 housekeeper] [HikariPool:521] - HikariPool-1 - Fill pool skipped, pool has sufficient level or currently being filled (queueDepth=0).
DEBUG 24-05-03 00:23:15[HikariPool-1 housekeeper] [HikariPool:414] - HikariPool-1 - Pool stats (total=10, active=0, idle=10, waiting=0)
DEBUG 24-05-03 00:23:15[HikariPool-1 housekeeper] [HikariPool:521] - HikariPool-1 - Fill pool skipped, pool has sufficient level or currently being filled (queueDepth=0).
DEBUG 24-05-03 00:23:45[HikariPool-1 housekeeper] [HikariPool:414] - HikariPool-1 - Pool stats (total=10, active=0, idle=10, waiting=0)
DEBUG 24-05-03 00:23:45[HikariPool-1 housekeeper] [HikariPool:521] - HikariPool-1 - Fill pool skipped, pool has sufficient level or currently being filled (queueDepth=0).
DEBUG 24-05-03 00:24:15[HikariPool-1 housekeeper] [HikariPool:414] - HikariPool-1 - Pool stats (total=10, active=0, idle=10, waiting=0)
DEBUG 24-05-03 00:24:15[HikariPool-1 housekeeper] [HikariPool:521] - HikariPool-1 - Fill pool skipped, pool has sufficient level or currently being filled (queueDepth=0).
DEBUG 24-05-03 00:24:45[HikariPool-1 housekeeper] [HikariPool:414] - HikariPool-1 - Pool stats (total=10, active=0, idle=10, waiting=0)
DEBUG 24-05-03 00:24:45[HikariPool-1 housekeeper] [HikariPool:521] - HikariPool-1 - Fill pool skipped, pool has sufficient level or currently being filled (queueDepth=0).
DEBUG 24-05-03 00:25:15[HikariPool-1 housekeeper] [HikariPool:414] - HikariPool-1 - Pool stats (total=10, active=0, idle=10, waiting=0)
DEBUG 24-05-03 00:25:15[HikariPool-1 housekeeper] [HikariPool:521] - HikariPool-1 - Fill pool skipped, pool has sufficient level or currently being filled (queueDepth=0).
DEBUG 24-05-03 00:25:46[HikariPool-1 housekeeper] [HikariPool:414] - HikariPool-1 - Pool stats (total=10, active=0, idle=10, waiting=0)
DEBUG 24-05-03 00:25:46[HikariPool-1 housekeeper] [HikariPool:521] - HikariPool-1 - Fill pool skipped, pool has sufficient level or currently being filled (queueDepth=0).
WARN  24-05-03 00:41:28[HikariPool-1 housekeeper] [HikariPool:804] - HikariPool-1 - Thread starvation or clock leap detected (housekeeper delta=15m41s890ms).
DEBUG 24-05-03 00:41:28[HikariPool-1 housekeeper] [HikariPool:414] - HikariPool-1 - Pool stats (total=10, active=0, idle=10, waiting=0)
DEBUG 24-05-03 00:41:28[HikariPool-1 housekeeper] [HikariPool:521] - HikariPool-1 - Fill pool skipped, pool has sufficient level or currently being filled (queueDepth=0).
DEBUG 24-05-03 00:41:58[HikariPool-1 housekeeper] [HikariPool:414] - HikariPool-1 - Pool stats (total=10, active=0, idle=10, waiting=0)
DEBUG 24-05-03 00:41:58[HikariPool-1 housekeeper] [HikariPool:521] - HikariPool-1 - Fill pool skipped, pool has sufficient level or currently being filled (queueDepth=0).
DEBUG 24-05-03 00:42:28[HikariPool-1 housekeeper] [HikariPool:414] - HikariPool-1 - Pool stats (total=10, active=0, idle=10, waiting=0)
DEBUG 24-05-03 00:42:28[HikariPool-1 housekeeper] [HikariPool:521] - HikariPool-1 - Fill pool skipped, pool has sufficient level or currently being filled (queueDepth=0).
DEBUG 24-05-03 00:42:58[HikariPool-1 housekeeper] [HikariPool:414] - HikariPool-1 - Pool stats (total=10, active=0, idle=10, waiting=0)
DEBUG 24-05-03 00:42:58[HikariPool-1 housekeeper] [HikariPool:521] - HikariPool-1 - Fill pool skipped, pool has sufficient level or currently being filled (queueDepth=0).
DEBUG 24-05-03 00:43:28[HikariPool-1 housekeeper] [HikariPool:414] - HikariPool-1 - Pool stats (total=10, active=0, idle=10, waiting=0)
DEBUG 24-05-03 00:43:28[HikariPool-1 housekeeper] [HikariPool:521] - HikariPool-1 - Fill pool skipped, pool has sufficient level or currently being filled (queueDepth=0).
DEBUG 24-05-03 00:43:58[HikariPool-1 housekeeper] [HikariPool:414] - HikariPool-1 - Pool stats (total=10, active=0, idle=10, waiting=0)
DEBUG 24-05-03 00:43:58[HikariPool-1 housekeeper] [HikariPool:521] - HikariPool-1 - Fill pool skipped, pool has sufficient level or currently being filled (queueDepth=0).
DEBUG 24-05-03 00:44:28[HikariPool-1 housekeeper] [HikariPool:414] - HikariPool-1 - Pool stats (total=10, active=0, idle=10, waiting=0)
DEBUG 24-05-03 00:44:28[HikariPool-1 housekeeper] [HikariPool:521] - HikariPool-1 - Fill pool skipped, pool has sufficient level or currently being filled (queueDepth=0).
DEBUG 24-05-03 00:45:03[HikariPool-1 housekeeper] [HikariPool:414] - HikariPool-1 - Pool stats (total=10, active=0, idle=10, waiting=0)
DEBUG 24-05-03 00:45:03[HikariPool-1 housekeeper] [HikariPool:521] - HikariPool-1 - Fill pool skipped, pool has sufficient level or currently being filled (queueDepth=0).
DEBUG 24-05-03 00:45:33[HikariPool-1 housekeeper] [HikariPool:414] - HikariPool-1 - Pool stats (total=10, active=0, idle=10, waiting=0)
DEBUG 24-05-03 00:45:33[HikariPool-1 housekeeper] [HikariPool:521] - HikariPool-1 - Fill pool skipped, pool has sufficient level or currently being filled (queueDepth=0).
WARN  24-05-03 01:01:44[HikariPool-1 housekeeper] [HikariPool:804] - HikariPool-1 - Thread starvation or clock leap detected (housekeeper delta=16m10s946ms).
DEBUG 24-05-03 01:01:44[HikariPool-1 housekeeper] [HikariPool:414] - HikariPool-1 - Pool stats (total=10, active=0, idle=10, waiting=0)
DEBUG 24-05-03 01:01:44[HikariPool-1 housekeeper] [HikariPool:521] - HikariPool-1 - Fill pool skipped, pool has sufficient level or currently being filled (queueDepth=0).
DEBUG 24-05-03 01:02:14[HikariPool-1 housekeeper] [HikariPool:414] - HikariPool-1 - Pool stats (total=10, active=0, idle=10, waiting=0)
DEBUG 24-05-03 01:02:14[HikariPool-1 housekeeper] [HikariPool:521] - HikariPool-1 - Fill pool skipped, pool has sufficient level or currently being filled (queueDepth=0).
DEBUG 24-05-03 01:02:31[HikariPool-1 connection closer] [PoolBase:132] - HikariPool-1 - Closing connection net.sf.log4jdbc.sql.jdbcapi.ConnectionSpy@417993dd: (connection has passed maxLifetime)
DEBUG 24-05-03 01:02:31[HikariPool-1 connection adder] [HikariPool:738] - HikariPool-1 - Added connection net.sf.log4jdbc.sql.jdbcapi.ConnectionSpy@5d939ab2
DEBUG 24-05-03 01:02:38[HikariPool-1 connection closer] [PoolBase:132] - HikariPool-1 - Closing connection net.sf.log4jdbc.sql.jdbcapi.ConnectionSpy@155d9155: (connection has passed maxLifetime)
DEBUG 24-05-03 01:02:38[HikariPool-1 connection adder] [HikariPool:738] - HikariPool-1 - Added connection net.sf.log4jdbc.sql.jdbcapi.ConnectionSpy@200097db
DEBUG 24-05-03 01:02:41[HikariPool-1 connection closer] [PoolBase:132] - HikariPool-1 - Closing connection net.sf.log4jdbc.sql.jdbcapi.ConnectionSpy@54e74a38: (connection has passed maxLifetime)
DEBUG 24-05-03 01:02:41[HikariPool-1 connection adder] [HikariPool:738] - HikariPool-1 - Added connection net.sf.log4jdbc.sql.jdbcapi.ConnectionSpy@613d9de0
DEBUG 24-05-03 01:02:44[HikariPool-1 housekeeper] [HikariPool:414] - HikariPool-1 - Pool stats (total=10, active=0, idle=10, waiting=0)
DEBUG 24-05-03 01:02:44[HikariPool-1 housekeeper] [HikariPool:521] - HikariPool-1 - Fill pool skipped, pool has sufficient level or currently being filled (queueDepth=0).
DEBUG 24-05-03 01:12:53[HikariPool-1 connection closer] [PoolBase:132] - HikariPool-1 - Closing connection net.sf.log4jdbc.sql.jdbcapi.ConnectionSpy@3fa1d24a: (connection has passed maxLifetime)
DEBUG 24-05-03 01:12:53[HikariPool-1 connection adder] [HikariPool:738] - HikariPool-1 - Added connection net.sf.log4jdbc.sql.jdbcapi.ConnectionSpy@35d903f8
DEBUG 24-05-03 01:12:58[HikariPool-1 connection closer] [PoolBase:132] - HikariPool-1 - Closing connection net.sf.log4jdbc.sql.jdbcapi.ConnectionSpy@70f25436: (connection has passed maxLifetime)
DEBUG 24-05-03 01:12:58[HikariPool-1 connection adder] [HikariPool:738] - HikariPool-1 - Added connection net.sf.log4jdbc.sql.jdbcapi.ConnectionSpy@29397489
DEBUG 24-05-03 01:13:02[HikariPool-1 connection closer] [PoolBase:132] - HikariPool-1 - Closing connection net.sf.log4jdbc.sql.jdbcapi.ConnectionSpy@3548171b: (connection has passed maxLifetime)
DEBUG 24-05-03 01:13:02[HikariPool-1 connection adder] [HikariPool:738] - HikariPool-1 - Added connection net.sf.log4jdbc.sql.jdbcapi.ConnectionSpy@68047eb2
DEBUG 24-05-03 01:13:05[HikariPool-1 connection closer] [PoolBase:132] - HikariPool-1 - Closing connection net.sf.log4jdbc.sql.jdbcapi.ConnectionSpy@7c621a2e: (connection has passed maxLifetime)
DEBUG 24-05-03 01:13:05[HikariPool-1 connection adder] [HikariPool:738] - HikariPool-1 - Added connection net.sf.log4jdbc.sql.jdbcapi.ConnectionSpy@592675c4
DEBUG 24-05-03 01:13:05[HikariPool-1 connection closer] [PoolBase:132] - HikariPool-1 - Closing connection net.sf.log4jdbc.sql.jdbcapi.ConnectionSpy@4a66c4ed: (connection has passed maxLifetime)
DEBUG 24-05-03 01:13:05[HikariPool-1 connection adder] [HikariPool:738] - HikariPool-1 - Added connection net.sf.log4jdbc.sql.jdbcapi.ConnectionSpy@82b81fd
DEBUG 24-05-03 01:13:05[HikariPool-1 connection closer] [PoolBase:132] - HikariPool-1 - Closing connection net.sf.log4jdbc.sql.jdbcapi.ConnectionSpy@3b93a2bf: (connection has passed maxLifetime)
DEBUG 24-05-03 01:13:05[HikariPool-1 connection adder] [HikariPool:738] - HikariPool-1 - Added connection net.sf.log4jdbc.sql.jdbcapi.ConnectionSpy@177d80d3
DEBUG 24-05-03 01:13:13[HikariPool-1 connection closer] [PoolBase:132] - HikariPool-1 - Closing connection net.sf.log4jdbc.sql.jdbcapi.ConnectionSpy@25183175: (connection has passed maxLifetime)
DEBUG 24-05-03 01:13:13[HikariPool-1 connection adder] [HikariPool:738] - HikariPool-1 - Added connection net.sf.log4jdbc.sql.jdbcapi.ConnectionSpy@f14d5f
WARN  24-05-03 01:13:21[HikariPool-1 housekeeper] [HikariPool:804] - HikariPool-1 - Thread starvation or clock leap detected (housekeeper delta=10m36s553ms).
DEBUG 24-05-03 01:13:21[HikariPool-1 housekeeper] [HikariPool:414] - HikariPool-1 - Pool stats (total=10, active=0, idle=10, waiting=0)
DEBUG 24-05-03 01:13:21[HikariPool-1 housekeeper] [HikariPool:521] - HikariPool-1 - Fill pool skipped, pool has sufficient level or currently being filled (queueDepth=0).
WARN  24-05-03 02:26:51[HikariPool-1 housekeeper] [HikariPool:804] - HikariPool-1 - Thread starvation or clock leap detected (housekeeper delta=1h13m30s354ms).
DEBUG 24-05-03 02:26:51[HikariPool-1 housekeeper] [HikariPool:414] - HikariPool-1 - Pool stats (total=10, active=0, idle=10, waiting=0)
DEBUG 24-05-03 02:26:51[HikariPool-1 housekeeper] [HikariPool:521] - HikariPool-1 - Fill pool skipped, pool has sufficient level or currently being filled (queueDepth=0).
WARN  24-05-03 03:30:30[HikariPool-1 housekeeper] [HikariPool:804] - HikariPool-1 - Thread starvation or clock leap detected (housekeeper delta=1h3m38s831ms).
DEBUG 24-05-03 03:30:30[HikariPool-1 housekeeper] [HikariPool:414] - HikariPool-1 - Pool stats (total=10, active=0, idle=10, waiting=0)
DEBUG 24-05-03 03:30:30[HikariPool-1 housekeeper] [HikariPool:521] - HikariPool-1 - Fill pool skipped, pool has sufficient level or currently being filled (queueDepth=0).
WARN  24-05-03 04:08:54[HikariPool-1 housekeeper] [HikariPool:804] - HikariPool-1 - Thread starvation or clock leap detected (housekeeper delta=38m23s657ms).
DEBUG 24-05-03 04:08:54[HikariPool-1 housekeeper] [HikariPool:414] - HikariPool-1 - Pool stats (total=10, active=0, idle=10, waiting=0)
DEBUG 24-05-03 04:08:54[HikariPool-1 housekeeper] [HikariPool:521] - HikariPool-1 - Fill pool skipped, pool has sufficient level or currently being filled (queueDepth=0).
WARN  24-05-03 05:44:53[HikariPool-1 housekeeper] [HikariPool:804] - HikariPool-1 - Thread starvation or clock leap detected (housekeeper delta=1h35m59s708ms).
DEBUG 24-05-03 05:44:53[HikariPool-1 housekeeper] [HikariPool:414] - HikariPool-1 - Pool stats (total=10, active=0, idle=10, waiting=0)
DEBUG 24-05-03 05:44:53[HikariPool-1 housekeeper] [HikariPool:521] - HikariPool-1 - Fill pool skipped, pool has sufficient level or currently being filled (queueDepth=0).
WARN  24-05-03 06:22:25[HikariPool-1 housekeeper] [HikariPool:804] - HikariPool-1 - Thread starvation or clock leap detected (housekeeper delta=37m31s574ms).
DEBUG 24-05-03 06:22:25[HikariPool-1 housekeeper] [HikariPool:414] - HikariPool-1 - Pool stats (total=10, active=0, idle=10, waiting=0)
DEBUG 24-05-03 06:22:25[HikariPool-1 housekeeper] [HikariPool:521] - HikariPool-1 - Fill pool skipped, pool has sufficient level or currently being filled (queueDepth=0).
WARN  24-05-03 07:58:06[HikariPool-1 housekeeper] [HikariPool:804] - HikariPool-1 - Thread starvation or clock leap detected (housekeeper delta=1h35m41s385ms).
DEBUG 24-05-03 07:58:06[HikariPool-1 housekeeper] [HikariPool:414] - HikariPool-1 - Pool stats (total=10, active=0, idle=10, waiting=0)
DEBUG 24-05-03 07:58:06[HikariPool-1 housekeeper] [HikariPool:521] - HikariPool-1 - Fill pool skipped, pool has sufficient level or currently being filled (queueDepth=0).
WARN  24-05-03 08:23:19[HikariPool-1 housekeeper] [HikariPool:804] - HikariPool-1 - Thread starvation or clock leap detected (housekeeper delta=25m12s460ms).
DEBUG 24-05-03 08:23:19[HikariPool-1 housekeeper] [HikariPool:414] - HikariPool-1 - Pool stats (total=10, active=0, idle=10, waiting=0)
DEBUG 24-05-03 08:23:19[HikariPool-1 housekeeper] [HikariPool:521] - HikariPool-1 - Fill pool skipped, pool has sufficient level or currently being filled (queueDepth=0).
WARN  24-05-03 09:24:19[HikariPool-1 housekeeper] [HikariPool:804] - HikariPool-1 - Thread starvation or clock leap detected (housekeeper delta=1h1m228ms).
DEBUG 24-05-03 09:24:19[HikariPool-1 housekeeper] [HikariPool:414] - HikariPool-1 - Pool stats (total=10, active=0, idle=10, waiting=0)
DEBUG 24-05-03 09:24:19[HikariPool-1 housekeeper] [HikariPool:521] - HikariPool-1 - Fill pool skipped, pool has sufficient level or currently being filled (queueDepth=0).
WARN  24-05-03 10:25:29[HikariPool-1 housekeeper] [HikariPool:804] - HikariPool-1 - Thread starvation or clock leap detected (housekeeper delta=1h1m9s717ms).
DEBUG 24-05-03 10:25:29[HikariPool-1 housekeeper] [HikariPool:414] - HikariPool-1 - Pool stats (total=10, active=0, idle=10, waiting=0)
DEBUG 24-05-03 10:25:29[HikariPool-1 housekeeper] [HikariPool:521] - HikariPool-1 - Fill pool skipped, pool has sufficient level or currently being filled (queueDepth=0).
WARN  24-05-03 11:26:22[HikariPool-1 housekeeper] [HikariPool:804] - HikariPool-1 - Thread starvation or clock leap detected (housekeeper delta=1h53s87ms).
DEBUG 24-05-03 11:26:22[HikariPool-1 housekeeper] [HikariPool:414] - HikariPool-1 - Pool stats (total=10, active=0, idle=10, waiting=0)
DEBUG 24-05-03 11:26:22[HikariPool-1 housekeeper] [HikariPool:521] - HikariPool-1 - Fill pool skipped, pool has sufficient level or currently being filled (queueDepth=0).
WARN  24-05-03 12:27:22[HikariPool-1 housekeeper] [HikariPool:804] - HikariPool-1 - Thread starvation or clock leap detected (housekeeper delta=1h1m19ms).
DEBUG 24-05-03 12:27:22[HikariPool-1 housekeeper] [HikariPool:414] - HikariPool-1 - Pool stats (total=10, active=0, idle=10, waiting=0)
DEBUG 24-05-03 12:27:22[HikariPool-1 housekeeper] [HikariPool:521] - HikariPool-1 - Fill pool skipped, pool has sufficient level or currently being filled (queueDepth=0).
WARN  24-05-03 13:28:24[HikariPool-1 housekeeper] [HikariPool:804] - HikariPool-1 - Thread starvation or clock leap detected (housekeeper delta=1h1m2s446ms).
DEBUG 24-05-03 13:28:24[HikariPool-1 housekeeper] [HikariPool:414] - HikariPool-1 - Pool stats (total=10, active=0, idle=10, waiting=0)
DEBUG 24-05-03 13:28:24[HikariPool-1 housekeeper] [HikariPool:521] - HikariPool-1 - Fill pool skipped, pool has sufficient level or currently being filled (queueDepth=0).
WARN  24-05-03 14:29:35[HikariPool-1 housekeeper] [HikariPool:804] - HikariPool-1 - Thread starvation or clock leap detected (housekeeper delta=1h1m10s453ms).
DEBUG 24-05-03 14:29:35[HikariPool-1 housekeeper] [HikariPool:414] - HikariPool-1 - Pool stats (total=10, active=0, idle=10, waiting=0)
DEBUG 24-05-03 14:29:35[HikariPool-1 housekeeper] [HikariPool:521] - HikariPool-1 - Fill pool skipped, pool has sufficient level or currently being filled (queueDepth=0).
WARN  24-05-03 15:30:36[HikariPool-1 housekeeper] [HikariPool:804] - HikariPool-1 - Thread starvation or clock leap detected (housekeeper delta=1h1m1s228ms).
DEBUG 24-05-03 15:30:36[HikariPool-1 housekeeper] [HikariPool:414] - HikariPool-1 - Pool stats (total=10, active=0, idle=10, waiting=0)
DEBUG 24-05-03 15:30:36[HikariPool-1 housekeeper] [HikariPool:521] - HikariPool-1 - Fill pool skipped, pool has sufficient level or currently being filled (queueDepth=0).
WARN  24-05-03 16:31:30[HikariPool-1 housekeeper] [HikariPool:804] - HikariPool-1 - Thread starvation or clock leap detected (housekeeper delta=1h53s800ms).
DEBUG 24-05-03 16:31:30[HikariPool-1 housekeeper] [HikariPool:414] - HikariPool-1 - Pool stats (total=10, active=0, idle=10, waiting=0)
DEBUG 24-05-03 16:31:30[HikariPool-1 housekeeper] [HikariPool:521] - HikariPool-1 - Fill pool skipped, pool has sufficient level or currently being filled (queueDepth=0).
WARN  24-05-03 17:32:29[HikariPool-1 housekeeper] [HikariPool:804] - HikariPool-1 - Thread starvation or clock leap detected (housekeeper delta=1h59s561ms).
DEBUG 24-05-03 17:32:29[HikariPool-1 housekeeper] [HikariPool:414] - HikariPool-1 - Pool stats (total=10, active=0, idle=10, waiting=0)
DEBUG 24-05-03 17:32:29[HikariPool-1 housekeeper] [HikariPool:521] - HikariPool-1 - Fill pool skipped, pool has sufficient level or currently being filled (queueDepth=0).
DEBUG 24-05-03 17:32:59[HikariPool-1 housekeeper] [HikariPool:414] - HikariPool-1 - Pool stats (total=10, active=0, idle=10, waiting=0)
DEBUG 24-05-03 17:32:59[HikariPool-1 housekeeper] [HikariPool:521] - HikariPool-1 - Fill pool skipped, pool has sufficient level or currently being filled (queueDepth=0).
WARN  24-05-03 19:34:23[HikariPool-1 housekeeper] [HikariPool:804] - HikariPool-1 - Thread starvation or clock leap detected (housekeeper delta=2h1m23s410ms).
DEBUG 24-05-03 19:34:23[HikariPool-1 housekeeper] [HikariPool:414] - HikariPool-1 - Pool stats (total=10, active=0, idle=10, waiting=0)
DEBUG 24-05-03 19:34:23[HikariPool-1 housekeeper] [HikariPool:521] - HikariPool-1 - Fill pool skipped, pool has sufficient level or currently being filled (queueDepth=0).
DEBUG 24-05-03 19:34:53[HikariPool-1 housekeeper] [HikariPool:414] - HikariPool-1 - Pool stats (total=10, active=0, idle=10, waiting=0)
DEBUG 24-05-03 19:34:53[HikariPool-1 housekeeper] [HikariPool:521] - HikariPool-1 - Fill pool skipped, pool has sufficient level or currently being filled (queueDepth=0).
WARN  24-05-03 20:35:00[HikariPool-1 housekeeper] [HikariPool:804] - HikariPool-1 - Thread starvation or clock leap detected (housekeeper delta=1h7s73ms).
DEBUG 24-05-03 20:35:00[HikariPool-1 housekeeper] [HikariPool:414] - HikariPool-1 - Pool stats (total=10, active=0, idle=10, waiting=0)
DEBUG 24-05-03 20:35:00[HikariPool-1 housekeeper] [HikariPool:521] - HikariPool-1 - Fill pool skipped, pool has sufficient level or currently being filled (queueDepth=0).
WARN  24-05-03 22:36:41[HikariPool-1 housekeeper] [HikariPool:804] - HikariPool-1 - Thread starvation or clock leap detected (housekeeper delta=2h1m41s401ms).
DEBUG 24-05-03 22:36:41[HikariPool-1 housekeeper] [HikariPool:414] - HikariPool-1 - Pool stats (total=10, active=0, idle=10, waiting=0)
DEBUG 24-05-03 22:36:41[HikariPool-1 housekeeper] [HikariPool:521] - HikariPool-1 - Fill pool skipped, pool has sufficient level or currently being filled (queueDepth=0).
WARN  24-05-03 23:37:44[HikariPool-1 housekeeper] [HikariPool:804] - HikariPool-1 - Thread starvation or clock leap detected (housekeeper delta=1h1m2s978ms).
DEBUG 24-05-03 23:37:44[HikariPool-1 housekeeper] [HikariPool:414] - HikariPool-1 - Pool stats (total=10, active=0, idle=10, waiting=0)
DEBUG 24-05-03 23:37:44[HikariPool-1 housekeeper] [HikariPool:521] - HikariPool-1 - Fill pool skipped, pool has sufficient level or currently being filled (queueDepth=0).
DEBUG 24-05-03 23:38:14[HikariPool-1 housekeeper] [HikariPool:414] - HikariPool-1 - Pool stats (total=10, active=0, idle=10, waiting=0)
DEBUG 24-05-03 23:38:14[HikariPool-1 housekeeper] [HikariPool:521] - HikariPool-1 - Fill pool skipped, pool has sufficient level or currently being filled (queueDepth=0).
