DEBUG 24-05-03 00:00:15[HikariPool-1 housekeeper] [HikariPool:414] - HikariPool-1 - Pool stats (total=10, active=0, idle=10, waiting=0)
DEBUG 24-05-03 00:00:15[HikariPool-1 housekeeper] [HikariPool:521] - HikariPool-1 - Fill pool skipped, pool has sufficient level or currently being filled (queueDepth=0).
DEBUG 24-05-03 00:00:45[HikariPool-1 housekeeper] [HikariPool:414] - HikariPool-1 - Pool stats (total=10, active=0, idle=10, waiting=0)
DEBUG 24-05-03 00:00:45[HikariPool-1 housekeeper] [HikariPool:521] - HikariPool-1 - Fill pool skipped, pool has sufficient level or currently being filled (queueDepth=0).
DEBUG 24-05-03 00:01:15[HikariPool-1 housekeeper] [HikariPool:414] - HikariPool-1 - Pool stats (total=10, active=0, idle=10, waiting=0)
DEBUG 24-05-03 00:01:15[HikariPool-1 housekeeper] [HikariPool:521] - HikariPool-1 - Fill pool skipped, pool has sufficient level or currently being filled (queueDepth=0).
DEBUG 24-05-03 00:01:45[HikariPool-1 housekeeper] [HikariPool:414] - HikariPool-1 - Pool stats (total=10, active=0, idle=10, waiting=0)
DEBUG 24-05-03 00:01:45[HikariPool-1 housekeeper] [HikariPool:521] - HikariPool-1 - Fill pool skipped, pool has sufficient level or currently being filled (queueDepth=0).
WARN  24-05-03 00:02:15[HikariPool-1 housekeeper] [HikariPool:796] - HikariPool-1 - Retrograde clock change detected (housekeeper delta=29s714ms), soft-evicting connections from pool.
DEBUG 24-05-03 00:02:15[HikariPool-1 connection closer] [PoolBase:132] - HikariPool-1 - Closing connection net.sf.log4jdbc.sql.jdbcapi.ConnectionSpy@33aacde9: (connection evicted)
DEBUG 24-05-03 00:02:15[HikariPool-1 connection closer] [PoolBase:132] - HikariPool-1 - Closing connection net.sf.log4jdbc.sql.jdbcapi.ConnectionSpy@d561790: (connection evicted)
DEBUG 24-05-03 00:02:15[HikariPool-1 connection closer] [PoolBase:132] - HikariPool-1 - Closing connection net.sf.log4jdbc.sql.jdbcapi.ConnectionSpy@6d79e8df: (connection evicted)
DEBUG 24-05-03 00:02:15[HikariPool-1 connection closer] [PoolBase:132] - HikariPool-1 - Closing connection net.sf.log4jdbc.sql.jdbcapi.ConnectionSpy@6fdefdec: (connection evicted)
DEBUG 24-05-03 00:02:15[HikariPool-1 connection closer] [PoolBase:132] - HikariPool-1 - Closing connection net.sf.log4jdbc.sql.jdbcapi.ConnectionSpy@69377117: (connection evicted)
DEBUG 24-05-03 00:02:15[HikariPool-1 connection closer] [PoolBase:132] - HikariPool-1 - Closing connection net.sf.log4jdbc.sql.jdbcapi.ConnectionSpy@b927ea7: (connection evicted)
DEBUG 24-05-03 00:02:15[HikariPool-1 connection closer] [PoolBase:132] - HikariPool-1 - Closing connection net.sf.log4jdbc.sql.jdbcapi.ConnectionSpy@4071234a: (connection evicted)
DEBUG 24-05-03 00:02:15[HikariPool-1 connection closer] [PoolBase:132] - HikariPool-1 - Closing connection net.sf.log4jdbc.sql.jdbcapi.ConnectionSpy@4d91e0f0: (connection evicted)
DEBUG 24-05-03 00:02:15[HikariPool-1 connection closer] [PoolBase:132] - HikariPool-1 - Closing connection net.sf.log4jdbc.sql.jdbcapi.ConnectionSpy@14ce910c: (connection evicted)
DEBUG 24-05-03 00:02:15[HikariPool-1 connection closer] [PoolBase:132] - HikariPool-1 - Closing connection net.sf.log4jdbc.sql.jdbcapi.ConnectionSpy@2ed05362: (connection evicted)
DEBUG 24-05-03 00:02:15[HikariPool-1 connection adder] [HikariPool:738] - HikariPool-1 - Added connection net.sf.log4jdbc.sql.jdbcapi.ConnectionSpy@417993dd
DEBUG 24-05-03 00:02:15[HikariPool-1 connection adder] [HikariPool:738] - HikariPool-1 - Added connection net.sf.log4jdbc.sql.jdbcapi.ConnectionSpy@70f25436
DEBUG 24-05-03 00:02:15[HikariPool-1 connection adder] [HikariPool:738] - HikariPool-1 - Added connection net.sf.log4jdbc.sql.jdbcapi.ConnectionSpy@7c621a2e
DEBUG 24-05-03 00:02:15[HikariPool-1 connection adder] [HikariPool:738] - HikariPool-1 - Added connection net.sf.log4jdbc.sql.jdbcapi.ConnectionSpy@25183175
DEBUG 24-05-03 00:02:15[HikariPool-1 connection adder] [HikariPool:738] - HikariPool-1 - Added connection net.sf.log4jdbc.sql.jdbcapi.ConnectionSpy@4a66c4ed
DEBUG 24-05-03 00:02:15[HikariPool-1 connection adder] [HikariPool:738] - HikariPool-1 - Added connection net.sf.log4jdbc.sql.jdbcapi.ConnectionSpy@3b93a2bf
DEBUG 24-05-03 00:02:15[HikariPool-1 connection adder] [HikariPool:738] - HikariPool-1 - Added connection net.sf.log4jdbc.sql.jdbcapi.ConnectionSpy@3fa1d24a
DEBUG 24-05-03 00:02:15[HikariPool-1 connection adder] [HikariPool:738] - HikariPool-1 - Added connection net.sf.log4jdbc.sql.jdbcapi.ConnectionSpy@54e74a38
DEBUG 24-05-03 00:02:15[HikariPool-1 connection adder] [HikariPool:738] - HikariPool-1 - Added connection net.sf.log4jdbc.sql.jdbcapi.ConnectionSpy@155d9155
DEBUG 24-05-03 00:02:16[HikariPool-1 connection adder] [HikariPool:738] - HikariPool-1 - Added connection net.sf.log4jdbc.sql.jdbcapi.ConnectionSpy@3548171b
DEBUG 24-05-03 00:02:45[HikariPool-1 housekeeper] [HikariPool:414] - HikariPool-1 - Pool stats (total=10, active=0, idle=10, waiting=0)
DEBUG 24-05-03 00:02:45[HikariPool-1 housekeeper] [HikariPool:521] - HikariPool-1 - Fill pool skipped, pool has sufficient level or currently being filled (queueDepth=0).
DEBUG 24-05-03 00:03:15[HikariPool-1 housekeeper] [HikariPool:414] - HikariPool-1 - Pool stats (total=10, active=0, idle=10, waiting=0)
DEBUG 24-05-03 00:03:15[HikariPool-1 housekeeper] [HikariPool:521] - HikariPool-1 - Fill pool skipped, pool has sufficient level or currently being filled (queueDepth=0).
DEBUG 24-05-03 00:03:45[HikariPool-1 housekeeper] [HikariPool:414] - HikariPool-1 - Pool stats (total=10, active=0, idle=10, waiting=0)
DEBUG 24-05-03 00:03:45[HikariPool-1 housekeeper] [HikariPool:521] - HikariPool-1 - Fill pool skipped, pool has sufficient level or currently being filled (queueDepth=0).
DEBUG 24-05-03 00:04:15[HikariPool-1 housekeeper] [HikariPool:414] - HikariPool-1 - Pool stats (total=10, active=0, idle=10, waiting=0)
DEBUG 24-05-03 00:04:15[HikariPool-1 housekeeper] [HikariPool:521] - HikariPool-1 - Fill pool skipped, pool has sufficient level or currently being filled (queueDepth=0).
DEBUG 24-05-03 00:04:45[HikariPool-1 housekeeper] [HikariPool:414] - HikariPool-1 - Pool stats (total=10, active=0, idle=10, waiting=0)
DEBUG 24-05-03 00:04:45[HikariPool-1 housekeeper] [HikariPool:521] - HikariPool-1 - Fill pool skipped, pool has sufficient level or currently being filled (queueDepth=0).
DEBUG 24-05-03 00:05:15[HikariPool-1 housekeeper] [HikariPool:414] - HikariPool-1 - Pool stats (total=10, active=0, idle=10, waiting=0)
DEBUG 24-05-03 00:05:15[HikariPool-1 housekeeper] [HikariPool:521] - HikariPool-1 - Fill pool skipped, pool has sufficient level or currently being filled (queueDepth=0).
DEBUG 24-05-03 00:05:45[HikariPool-1 housekeeper] [HikariPool:414] - HikariPool-1 - Pool stats (total=10, active=0, idle=10, waiting=0)
DEBUG 24-05-03 00:05:45[HikariPool-1 housekeeper] [HikariPool:521] - HikariPool-1 - Fill pool skipped, pool has sufficient level or currently being filled (queueDepth=0).
DEBUG 24-05-03 00:06:15[HikariPool-1 housekeeper] [HikariPool:414] - HikariPool-1 - Pool stats (total=10, active=0, idle=10, waiting=0)
DEBUG 24-05-03 00:06:15[HikariPool-1 housekeeper] [HikariPool:521] - HikariPool-1 - Fill pool skipped, pool has sufficient level or currently being filled (queueDepth=0).
DEBUG 24-05-03 00:06:45[HikariPool-1 housekeeper] [HikariPool:414] - HikariPool-1 - Pool stats (total=10, active=0, idle=10, waiting=0)
DEBUG 24-05-03 00:06:45[HikariPool-1 housekeeper] [HikariPool:521] - HikariPool-1 - Fill pool skipped, pool has sufficient level or currently being filled (queueDepth=0).
DEBUG 24-05-03 00:07:15[HikariPool-1 housekeeper] [HikariPool:414] - HikariPool-1 - Pool stats (total=10, active=0, idle=10, waiting=0)
DEBUG 24-05-03 00:07:15[HikariPool-1 housekeeper] [HikariPool:521] - HikariPool-1 - Fill pool skipped, pool has sufficient level or currently being filled (queueDepth=0).
DEBUG 24-05-03 00:07:45[HikariPool-1 housekeeper] [HikariPool:414] - HikariPool-1 - Pool stats (total=10, active=0, idle=10, waiting=0)
DEBUG 24-05-03 00:07:45[HikariPool-1 housekeeper] [HikariPool:521] - HikariPool-1 - Fill pool skipped, pool has sufficient level or currently being filled (queueDepth=0).
DEBUG 24-05-03 00:08:15[HikariPool-1 housekeeper] [HikariPool:414] - HikariPool-1 - Pool stats (total=10, active=0, idle=10, waiting=0)
DEBUG 24-05-03 00:08:15[HikariPool-1 housekeeper] [HikariPool:521] - HikariPool-1 - Fill pool skipped, pool has sufficient level or currently being filled (queueDepth=0).
DEBUG 24-05-03 00:08:45[HikariPool-1 housekeeper] [HikariPool:414] - HikariPool-1 - Pool stats (total=10, active=0, idle=10, waiting=0)
DEBUG 24-05-03 00:08:45[HikariPool-1 housekeeper] [HikariPool:521] - HikariPool-1 - Fill pool skipped, pool has sufficient level or currently being filled (queueDepth=0).
DEBUG 24-05-03 00:09:15[HikariPool-1 housekeeper] [HikariPool:414] - HikariPool-1 - Pool stats (total=10, active=0, idle=10, waiting=0)
DEBUG 24-05-03 00:09:15[HikariPool-1 housekeeper] [HikariPool:521] - HikariPool-1 - Fill pool skipped, pool has sufficient level or currently being filled (queueDepth=0).
DEBUG 24-05-03 00:09:45[HikariPool-1 housekeeper] [HikariPool:414] - HikariPool-1 - Pool stats (total=10, active=0, idle=10, waiting=0)
DEBUG 24-05-03 00:09:45[HikariPool-1 housekeeper] [HikariPool:521] - HikariPool-1 - Fill pool skipped, pool has sufficient level or currently being filled (queueDepth=0).
DEBUG 24-05-03 00:10:15[HikariPool-1 housekeeper] [HikariPool:414] - HikariPool-1 - Pool stats (total=10, active=0, idle=10, waiting=0)
DEBUG 24-05-03 00:10:15[HikariPool-1 housekeeper] [HikariPool:521] - HikariPool-1 - Fill pool skipped, pool has sufficient level or currently being filled (queueDepth=0).
DEBUG 24-05-03 00:10:45[HikariPool-1 housekeeper] [HikariPool:414] - HikariPool-1 - Pool stats (total=10, active=0, idle=10, waiting=0)
DEBUG 24-05-03 00:10:45[HikariPool-1 housekeeper] [HikariPool:521] - HikariPool-1 - Fill pool skipped, pool has sufficient level or currently being filled (queueDepth=0).
DEBUG 24-05-03 00:11:15[HikariPool-1 housekeeper] [HikariPool:414] - HikariPool-1 - Pool stats (total=10, active=0, idle=10, waiting=0)
DEBUG 24-05-03 00:11:15[HikariPool-1 housekeeper] [HikariPool:521] - HikariPool-1 - Fill pool skipped, pool has sufficient level or currently being filled (queueDepth=0).
DEBUG 24-05-03 00:11:45[HikariPool-1 housekeeper] [HikariPool:414] - HikariPool-1 - Pool stats (total=10, active=0, idle=10, waiting=0)
DEBUG 24-05-03 00:11:45[HikariPool-1 housekeeper] [HikariPool:521] - HikariPool-1 - Fill pool skipped, pool has sufficient level or currently being filled (queueDepth=0).
DEBUG 24-05-03 00:12:15[HikariPool-1 housekeeper] [HikariPool:414] - HikariPool-1 - Pool stats (total=10, active=0, idle=10, waiting=0)
DEBUG 24-05-03 00:12:15[HikariPool-1 housekeeper] [HikariPool:521] - HikariPool-1 - Fill pool skipped, pool has sufficient level or currently being filled (queueDepth=0).
DEBUG 24-05-03 00:12:45[HikariPool-1 housekeeper] [HikariPool:414] - HikariPool-1 - Pool stats (total=10, active=0, idle=10, waiting=0)
DEBUG 24-05-03 00:12:45[HikariPool-1 housekeeper] [HikariPool:521] - HikariPool-1 - Fill pool skipped, pool has sufficient level or currently being filled (queueDepth=0).
DEBUG 24-05-03 00:13:15[HikariPool-1 housekeeper] [HikariPool:414] - HikariPool-1 - Pool stats (total=10, active=0, idle=10, waiting=0)
DEBUG 24-05-03 00:13:15[HikariPool-1 housekeeper] [HikariPool:521] - HikariPool-1 - Fill pool skipped, pool has sufficient level or currently being filled (queueDepth=0).
DEBUG 24-05-03 00:13:45[HikariPool-1 housekeeper] [HikariPool:414] - HikariPool-1 - Pool stats (total=10, active=0, idle=10, waiting=0)
DEBUG 24-05-03 00:13:45[HikariPool-1 housekeeper] [HikariPool:521] - HikariPool-1 - Fill pool skipped, pool has sufficient level or currently being filled (queueDepth=0).
DEBUG 24-05-03 00:14:15[HikariPool-1 housekeeper] [HikariPool:414] - HikariPool-1 - Pool stats (total=10, active=0, idle=10, waiting=0)
DEBUG 24-05-03 00:14:15[HikariPool-1 housekeeper] [HikariPool:521] - HikariPool-1 - Fill pool skipped, pool has sufficient level or currently being filled (queueDepth=0).
DEBUG 24-05-03 00:14:45[HikariPool-1 housekeeper] [HikariPool:414] - HikariPool-1 - Pool stats (total=10, active=0, idle=10, waiting=0)
DEBUG 24-05-03 00:14:45[HikariPool-1 housekeeper] [HikariPool:521] - HikariPool-1 - Fill pool skipped, pool has sufficient level or currently being filled (queueDepth=0).
DEBUG 24-05-03 00:15:15[HikariPool-1 housekeeper] [HikariPool:414] - HikariPool-1 - Pool stats (total=10, active=0, idle=10, waiting=0)
DEBUG 24-05-03 00:15:15[HikariPool-1 housekeeper] [HikariPool:521] - HikariPool-1 - Fill pool skipped, pool has sufficient level or currently being filled (queueDepth=0).
DEBUG 24-05-03 00:15:45[HikariPool-1 housekeeper] [HikariPool:414] - HikariPool-1 - Pool stats (total=10, active=0, idle=10, waiting=0)
DEBUG 24-05-03 00:15:45[HikariPool-1 housekeeper] [HikariPool:521] - HikariPool-1 - Fill pool skipped, pool has sufficient level or currently being filled (queueDepth=0).
DEBUG 24-05-03 00:16:15[HikariPool-1 housekeeper] [HikariPool:414] - HikariPool-1 - Pool stats (total=10, active=0, idle=10, waiting=0)
DEBUG 24-05-03 00:16:15[HikariPool-1 housekeeper] [HikariPool:521] - HikariPool-1 - Fill pool skipped, pool has sufficient level or currently being filled (queueDepth=0).
DEBUG 24-05-03 00:16:45[HikariPool-1 housekeeper] [HikariPool:414] - HikariPool-1 - Pool stats (total=10, active=0, idle=10, waiting=0)
DEBUG 24-05-03 00:16:45[HikariPool-1 housekeeper] [HikariPool:521] - HikariPool-1 - Fill pool skipped, pool has sufficient level or currently being filled (queueDepth=0).
DEBUG 24-05-03 00:17:15[HikariPool-1 housekeeper] [HikariPool:414] - HikariPool-1 - Pool stats (total=10, active=0, idle=10, waiting=0)
DEBUG 24-05-03 00:17:15[HikariPool-1 housekeeper] [HikariPool:521] - HikariPool-1 - Fill pool skipped, pool has sufficient level or currently being filled (queueDepth=0).
DEBUG 24-05-03 00:17:45[HikariPool-1 housekeeper] [HikariPool:414] - HikariPool-1 - Pool stats (total=10, active=0, idle=10, waiting=0)
DEBUG 24-05-03 00:17:45[HikariPool-1 housekeeper] [HikariPool:521] - HikariPool-1 - Fill pool skipped, pool has sufficient level or currently being filled (queueDepth=0).
DEBUG 24-05-03 00:18:15[HikariPool-1 housekeeper] [HikariPool:414] - HikariPool-1 - Pool stats (total=10, active=0, idle=10, waiting=0)
DEBUG 24-05-03 00:18:15[HikariPool-1 housekeeper] [HikariPool:521] - HikariPool-1 - Fill pool skipped, pool has sufficient level or currently being filled (queueDepth=0).
DEBUG 24-05-03 00:18:45[HikariPool-1 housekeeper] [HikariPool:414] - HikariPool-1 - Pool stats (total=10, active=0, idle=10, waiting=0)
DEBUG 24-05-03 00:18:45[HikariPool-1 housekeeper] [HikariPool:521] - HikariPool-1 - Fill pool skipped, pool has sufficient level or currently being filled (queueDepth=0).
DEBUG 24-05-03 00:19:15[HikariPool-1 housekeeper] [HikariPool:414] - HikariPool-1 - Pool stats (total=10, active=0, idle=10, waiting=0)
DEBUG 24-05-03 00:19:15[HikariPool-1 housekeeper] [HikariPool:521] - HikariPool-1 - Fill pool skipped, pool has sufficient level or currently being filled (queueDepth=0).
DEBUG 24-05-03 00:19:45[HikariPool-1 housekeeper] [HikariPool:414] - HikariPool-1 - Pool stats (total=10, active=0, idle=10, waiting=0)
DEBUG 24-05-03 00:19:45[HikariPool-1 housekeeper] [HikariPool:521] - HikariPool-1 - Fill pool skipped, pool has sufficient level or currently being filled (queueDepth=0).
DEBUG 24-05-03 00:20:15[HikariPool-1 housekeeper] [HikariPool:414] - HikariPool-1 - Pool stats (total=10, active=0, idle=10, waiting=0)
DEBUG 24-05-03 00:20:15[HikariPool-1 housekeeper] [HikariPool:521] - HikariPool-1 - Fill pool skipped, pool has sufficient level or currently being filled (queueDepth=0).
DEBUG 24-05-03 00:20:45[HikariPool-1 housekeeper] [HikariPool:414] - HikariPool-1 - Pool stats (total=10, active=0, idle=10, waiting=0)
DEBUG 24-05-03 00:20:45[HikariPool-1 housekeeper] [HikariPool:521] - HikariPool-1 - Fill pool skipped, pool has sufficient level or currently being filled (queueDepth=0).
DEBUG 24-05-03 00:21:15[HikariPool-1 housekeeper] [HikariPool:414] - HikariPool-1 - Pool stats (total=10, active=0, idle=10, waiting=0)
DEBUG 24-05-03 00:21:15[HikariPool-1 housekeeper] [HikariPool:521] - HikariPool-1 - Fill pool skipped, pool has sufficient level or currently being filled (queueDepth=0).
DEBUG 24-05-03 00:21:45[HikariPool-1 housekeeper] [HikariPool:414] - HikariPool-1 - Pool stats (total=10, active=0, idle=10, waiting=0)
DEBUG 24-05-03 00:21:45[HikariPool-1 housekeeper] [HikariPool:521] - HikariPool-1 - Fill pool skipped, pool has sufficient level or currently being filled (queueDepth=0).
DEBUG 24-05-03 00:22:15[HikariPool-1 housekeeper] [HikariPool:414] - HikariPool-1 - Pool stats (total=10, active=0, idle=10, waiting=0)
DEBUG 24-05-03 00:22:15[HikariPool-1 housekeeper] [HikariPool:521] - HikariPool-1 - Fill pool skipped, pool has sufficient level or currently being filled (queueDepth=0).
DEBUG 24-05-03 00:22:45[HikariPool-1 housekeeper] [HikariPool:414] - HikariPool-1 - Pool stats (total=10, active=0, idle=10, waiting=0)
DEBUG 24-05-03 00:22:45[HikariPool-1 housekeeper] [HikariPool:521] - HikariPool-1 - Fill pool skipped, pool has sufficient level or currently being filled (queueDepth=0).
DEBUG 24-05-03 00:23:15[HikariPool-1 housekeeper] [HikariPool:414] - HikariPool-1 - Pool stats (total=10, active=0, idle=10, waiting=0)
DEBUG 24-05-03 00:23:15[HikariPool-1 housekeeper] [HikariPool:521] - HikariPool-1 - Fill pool skipped, pool has sufficient level or currently being filled (queueDepth=0).
DEBUG 24-05-03 00:23:45[HikariPool-1 housekeeper] [HikariPool:414] - HikariPool-1 - Pool stats (total=10, active=0, idle=10, waiting=0)
DEBUG 24-05-03 00:23:45[HikariPool-1 housekeeper] [HikariPool:521] - HikariPool-1 - Fill pool skipped, pool has sufficient level or currently being filled (queueDepth=0).
DEBUG 24-05-03 00:24:15[HikariPool-1 housekeeper] [HikariPool:414] - HikariPool-1 - Pool stats (total=10, active=0, idle=10, waiting=0)
DEBUG 24-05-03 00:24:15[HikariPool-1 housekeeper] [HikariPool:521] - HikariPool-1 - Fill pool skipped, pool has sufficient level or currently being filled (queueDepth=0).
